{
  "stats": {
    "suites": 3,
    "tests": 9,
    "passes": 9,
    "pending": 0,
    "failures": 0,
    "testsRegistered": 9,
    "passPercent": 100,
    "pendingPercent": 0,
    "other": 0,
    "hasOther": false,
    "skipped": 0,
    "hasSkipped": false,
    "start": "2025-10-01T12:34:33.411Z",
    "end": "2025-10-01T12:35:14.008Z",
    "duration": 40597
  },
  "results": [
    {
      "uuid": "c65ee3be-c295-4fef-9dd1-db79023fcec4",
      "title": "",
      "fullFile": "cypress\\e2e\\addProductsToCart.cy.js",
      "file": "cypress\\e2e\\addProductsToCart.cy.js",
      "beforeHooks": [],
      "afterHooks": [],
      "tests": [],
      "suites": [
        {
          "uuid": "6ad19836-4522-4c5e-8ff0-f6d56c2255b7",
          "title": "adding products",
          "fullFile": "",
          "file": "",
          "beforeHooks": [],
          "afterHooks": [],
          "tests": [
            {
              "title": "add Samsung Galaxy S6",
              "fullTitle": "adding products add Samsung Galaxy S6",
              "timedOut": null,
              "duration": 2588,
              "state": "passed",
              "speed": "fast",
              "pass": true,
              "fail": false,
              "pending": false,
              "context": null,
              "code": "_cartOperations.default.addSamsungGalaxyS6();",
              "err": {},
              "uuid": "7c9f7c94-6b7a-4aa0-8d89-d920c70ac72c",
              "parentUUID": "6ad19836-4522-4c5e-8ff0-f6d56c2255b7",
              "isHook": false,
              "skipped": false
            },
            {
              "title": "add Samsung Galaxy S7",
              "fullTitle": "adding products add Samsung Galaxy S7",
              "timedOut": null,
              "duration": 1407,
              "state": "passed",
              "speed": "fast",
              "pass": true,
              "fail": false,
              "pending": false,
              "context": null,
              "code": "_cartOperations.default.addSamsungGalaxyS7();",
              "err": {},
              "uuid": "aa3d6151-050b-47ca-9f83-434e55c918de",
              "parentUUID": "6ad19836-4522-4c5e-8ff0-f6d56c2255b7",
              "isHook": false,
              "skipped": false
            },
            {
              "title": "add Nokia Lumia 1520",
              "fullTitle": "adding products add Nokia Lumia 1520",
              "timedOut": null,
              "duration": 1613,
              "state": "passed",
              "speed": "fast",
              "pass": true,
              "fail": false,
              "pending": false,
              "context": null,
              "code": "_cartOperations.default.addNokiaLumia1520();",
              "err": {},
              "uuid": "a8c5852b-61af-4cdd-a1ba-ffea9e837667",
              "parentUUID": "6ad19836-4522-4c5e-8ff0-f6d56c2255b7",
              "isHook": false,
              "skipped": false
            },
            {
              "title": "add Nexus 6",
              "fullTitle": "adding products add Nexus 6",
              "timedOut": null,
              "duration": 1619,
              "state": "passed",
              "speed": "fast",
              "pass": true,
              "fail": false,
              "pending": false,
              "context": null,
              "code": "_cartOperations.default.addNexus6();",
              "err": {},
              "uuid": "9a4c805a-f929-44f9-ad23-2e0b3aa100a1",
              "parentUUID": "6ad19836-4522-4c5e-8ff0-f6d56c2255b7",
              "isHook": false,
              "skipped": false
            },
            {
              "title": "add iphone 6 32GB",
              "fullTitle": "adding products add iphone 6 32GB",
              "timedOut": null,
              "duration": 1411,
              "state": "passed",
              "speed": "fast",
              "pass": true,
              "fail": false,
              "pending": false,
              "context": null,
              "code": "_cartOperations.default.addIphone632gb();",
              "err": {},
              "uuid": "242be6a1-9f08-4926-bb63-03b6a63bb391",
              "parentUUID": "6ad19836-4522-4c5e-8ff0-f6d56c2255b7",
              "isHook": false,
              "skipped": false
            },
            {
              "title": "add Sony Xperia Z5",
              "fullTitle": "adding products add Sony Xperia Z5",
              "timedOut": null,
              "duration": 1406,
              "state": "passed",
              "speed": "fast",
              "pass": true,
              "fail": false,
              "pending": false,
              "context": null,
              "code": "_cartOperations.default.addSonyXperiaZ5();",
              "err": {},
              "uuid": "89f541d1-7e93-46a4-9dcb-07f8e501d22a",
              "parentUUID": "6ad19836-4522-4c5e-8ff0-f6d56c2255b7",
              "isHook": false,
              "skipped": false
            }
          ],
          "suites": [],
          "passes": [
            "7c9f7c94-6b7a-4aa0-8d89-d920c70ac72c",
            "aa3d6151-050b-47ca-9f83-434e55c918de",
            "a8c5852b-61af-4cdd-a1ba-ffea9e837667",
            "9a4c805a-f929-44f9-ad23-2e0b3aa100a1",
            "242be6a1-9f08-4926-bb63-03b6a63bb391",
            "89f541d1-7e93-46a4-9dcb-07f8e501d22a"
          ],
          "failures": [],
          "pending": [],
          "skipped": [],
          "duration": 10044,
          "root": false,
          "rootEmpty": false,
          "_timeout": 2000
        }
      ],
      "passes": [],
      "failures": [],
      "pending": [],
      "skipped": [],
      "duration": 0,
      "root": true,
      "rootEmpty": true,
      "_timeout": 2000
    },
    {
      "uuid": "8a9a8f8b-00c4-41eb-bc2d-4abbc2bc37fb",
      "title": "",
      "fullFile": "cypress\\e2e\\simpleLoginTests.cy.js",
      "file": "cypress\\e2e\\simpleLoginTests.cy.js",
      "beforeHooks": [],
      "afterHooks": [],
      "tests": [],
      "suites": [
        {
          "uuid": "399b8b12-9aff-4987-85d3-54f75bdd8e31",
          "title": "login tests",
          "fullFile": "",
          "file": "",
          "beforeHooks": [],
          "afterHooks": [],
          "tests": [
            {
              "title": "successful login",
              "fullTitle": "login tests successful login",
              "timedOut": null,
              "duration": 11920,
              "state": "passed",
              "speed": "slow",
              "pass": true,
              "fail": false,
              "pending": false,
              "context": null,
              "code": "_loginPage.default.visitLoginPage();\n_loginPage.default.SucessfullLogIn();",
              "err": {},
              "uuid": "fa1983b7-dac8-4977-976e-c06eef1fed33",
              "parentUUID": "399b8b12-9aff-4987-85d3-54f75bdd8e31",
              "isHook": false,
              "skipped": false
            },
            {
              "title": "[negative] non-existing user login attempt",
              "fullTitle": "login tests [negative] non-existing user login attempt",
              "timedOut": null,
              "duration": 7147,
              "state": "passed",
              "speed": "medium",
              "pass": true,
              "fail": false,
              "pending": false,
              "context": null,
              "code": "_loginPage.default.visitLoginPage();\n_loginPage.default.NotExistingUserLogin();",
              "err": {},
              "uuid": "6294b2d4-9276-4109-a7a3-8ec7160f6b9c",
              "parentUUID": "399b8b12-9aff-4987-85d3-54f75bdd8e31",
              "isHook": false,
              "skipped": false
            }
          ],
          "suites": [],
          "passes": [
            "fa1983b7-dac8-4977-976e-c06eef1fed33",
            "6294b2d4-9276-4109-a7a3-8ec7160f6b9c"
          ],
          "failures": [],
          "pending": [],
          "skipped": [],
          "duration": 19067,
          "root": false,
          "rootEmpty": false,
          "_timeout": 2000
        }
      ],
      "passes": [],
      "failures": [],
      "pending": [],
      "skipped": [],
      "duration": 0,
      "root": true,
      "rootEmpty": true,
      "_timeout": 2000
    },
    {
      "uuid": "c96dab55-0e41-4054-97ee-989593b6082a",
      "title": "",
      "fullFile": "cypress\\e2e\\addAndAssertCart.cy.js",
      "file": "cypress\\e2e\\addAndAssertCart.cy.js",
      "beforeHooks": [],
      "afterHooks": [],
      "tests": [],
      "suites": [
        {
          "uuid": "289d6361-8c78-482c-a21f-d9f74bfe51f2",
          "title": "adding products and verifying the cart",
          "fullFile": "",
          "file": "",
          "beforeHooks": [],
          "afterHooks": [],
          "tests": [
            {
              "title": "Add multiple products to the cart",
              "fullTitle": "adding products and verifying the cart Add multiple products to the cart",
              "timedOut": null,
              "duration": 8243,
              "state": "passed",
              "speed": "medium",
              "pass": true,
              "fail": false,
              "pending": false,
              "context": null,
              "code": "cy.visit('/');\n_cartOperations.default.addNokiaLumia1520();\n_cartOperations.default.clickLogoBtn();\n_cartOperations.default.addSamsungGalaxyS7();\n_cartOperations.default.clickLogoBtn();\n_cartOperations.default.addSonyXperiaZ5();\ncy.get(_mainPageLocators.default.cartBtn).click();\n_cartAssertions.default.assertLumia1520();\n_cartAssertions.default.assertSamsungGalaxyS7();\n_cartAssertions.default.assertSonyXperiaZ5();",
              "err": {},
              "uuid": "aa7fddf0-ac0f-4a90-8dd3-99dfedb69b83",
              "parentUUID": "289d6361-8c78-482c-a21f-d9f74bfe51f2",
              "isHook": false,
              "skipped": false
            }
          ],
          "suites": [],
          "passes": [
            "aa7fddf0-ac0f-4a90-8dd3-99dfedb69b83"
          ],
          "failures": [],
          "pending": [],
          "skipped": [],
          "duration": 8243,
          "root": false,
          "rootEmpty": false,
          "_timeout": 2000
        }
      ],
      "passes": [],
      "failures": [],
      "pending": [],
      "skipped": [],
      "duration": 0,
      "root": true,
      "rootEmpty": true,
      "_timeout": 2000
    }
  ],
  "meta": {
    "mocha": {
      "version": "7.2.0"
    },
    "mochawesome": {
      "options": {
        "quiet": false,
        "reportFilename": "mochawesome",
        "saveHtml": false,
        "saveJson": true,
        "consoleReporter": "spec",
        "useInlineDiffs": false,
        "code": true
      },
      "version": "7.1.4"
    },
    "marge": {
      "options": {
        "id": "default",
        "reportDir": "cypress/results/mochawesome",
        "overwrite": false,
        "html": false,
        "josn": true
      },
      "version": "6.3.0"
    }
  }
}