{
  "stats": {
    "suites": 3,
    "tests": 9,
    "passes": 7,
    "pending": 0,
    "failures": 2,
    "testsRegistered": 9,
    "passPercent": 77.77777777777777,
    "pendingPercent": 0,
    "other": 0,
    "hasOther": false,
    "skipped": 0,
    "hasSkipped": false,
    "start": "2025-10-06T16:04:48.040Z",
    "end": "2025-10-06T16:05:52.275Z",
    "duration": 64235
  },
  "results": [
    {
      "uuid": "afd0248a-7bfb-41c5-806f-7fa665fb7b75",
      "title": "",
      "fullFile": "cypress\\e2e\\addProductsToCart.cy.js",
      "file": "cypress\\e2e\\addProductsToCart.cy.js",
      "beforeHooks": [],
      "afterHooks": [],
      "tests": [],
      "suites": [
        {
          "uuid": "12456f56-9d45-439b-946a-09832d6888c0",
          "title": "adding products",
          "fullFile": "",
          "file": "",
          "beforeHooks": [],
          "afterHooks": [],
          "tests": [
            {
              "title": "add Samsung Galaxy S6",
              "fullTitle": "adding products add Samsung Galaxy S6",
              "timedOut": null,
              "duration": 5355,
              "state": "passed",
              "speed": "medium",
              "pass": true,
              "fail": false,
              "pending": false,
              "context": null,
              "code": "_cartOperations.default.addSamsungGalaxyS6();",
              "err": {},
              "uuid": "6db8eae6-dc9e-47bf-bde0-24c24167c88b",
              "parentUUID": "12456f56-9d45-439b-946a-09832d6888c0",
              "isHook": false,
              "skipped": false
            },
            {
              "title": "add Samsung Galaxy S7",
              "fullTitle": "adding products add Samsung Galaxy S7",
              "timedOut": null,
              "duration": 1449,
              "state": "passed",
              "speed": "fast",
              "pass": true,
              "fail": false,
              "pending": false,
              "context": null,
              "code": "_cartOperations.default.addSamsungGalaxyS7();",
              "err": {},
              "uuid": "ef64e572-d5df-4910-b0b6-ac84537decbf",
              "parentUUID": "12456f56-9d45-439b-946a-09832d6888c0",
              "isHook": false,
              "skipped": false
            },
            {
              "title": "add Nokia Lumia 1520",
              "fullTitle": "adding products add Nokia Lumia 1520",
              "timedOut": null,
              "duration": 1837,
              "state": "passed",
              "speed": "fast",
              "pass": true,
              "fail": false,
              "pending": false,
              "context": null,
              "code": "_cartOperations.default.addNokiaLumia1520();",
              "err": {},
              "uuid": "0f1e7107-90d6-488d-91b6-71679ebe3117",
              "parentUUID": "12456f56-9d45-439b-946a-09832d6888c0",
              "isHook": false,
              "skipped": false
            },
            {
              "title": "add Nexus 6",
              "fullTitle": "adding products add Nexus 6",
              "timedOut": null,
              "duration": 2057,
              "state": "passed",
              "speed": "fast",
              "pass": true,
              "fail": false,
              "pending": false,
              "context": null,
              "code": "_cartOperations.default.addNexus6();",
              "err": {},
              "uuid": "cc8dabbe-0dc8-46b2-99fc-e99f96377f3e",
              "parentUUID": "12456f56-9d45-439b-946a-09832d6888c0",
              "isHook": false,
              "skipped": false
            },
            {
              "title": "add iphone 6 32GB",
              "fullTitle": "adding products add iphone 6 32GB",
              "timedOut": null,
              "duration": 2830,
              "state": "passed",
              "speed": "fast",
              "pass": true,
              "fail": false,
              "pending": false,
              "context": null,
              "code": "_cartOperations.default.addIphone632gb();",
              "err": {},
              "uuid": "2ed9f751-90e1-4fbb-a219-06e08f707530",
              "parentUUID": "12456f56-9d45-439b-946a-09832d6888c0",
              "isHook": false,
              "skipped": false
            },
            {
              "title": "add Sony Xperia Z5",
              "fullTitle": "adding products add Sony Xperia Z5",
              "timedOut": null,
              "duration": 1983,
              "state": "passed",
              "speed": "fast",
              "pass": true,
              "fail": false,
              "pending": false,
              "context": null,
              "code": "_cartOperations.default.addSonyXperiaZ5();",
              "err": {},
              "uuid": "77b701db-7f91-425e-bfca-4f38ed627c88",
              "parentUUID": "12456f56-9d45-439b-946a-09832d6888c0",
              "isHook": false,
              "skipped": false
            }
          ],
          "suites": [],
          "passes": [
            "6db8eae6-dc9e-47bf-bde0-24c24167c88b",
            "ef64e572-d5df-4910-b0b6-ac84537decbf",
            "0f1e7107-90d6-488d-91b6-71679ebe3117",
            "cc8dabbe-0dc8-46b2-99fc-e99f96377f3e",
            "2ed9f751-90e1-4fbb-a219-06e08f707530",
            "77b701db-7f91-425e-bfca-4f38ed627c88"
          ],
          "failures": [],
          "pending": [],
          "skipped": [],
          "duration": 15511,
          "root": false,
          "rootEmpty": false,
          "_timeout": 2000
        }
      ],
      "passes": [],
      "failures": [],
      "pending": [],
      "skipped": [],
      "duration": 0,
      "root": true,
      "rootEmpty": true,
      "_timeout": 2000
    },
    {
      "uuid": "010d4dc4-117a-4048-83b8-e5eb2e58c2d9",
      "title": "",
      "fullFile": "cypress\\e2e\\simpleLoginTests.cy.js",
      "file": "cypress\\e2e\\simpleLoginTests.cy.js",
      "beforeHooks": [],
      "afterHooks": [],
      "tests": [],
      "suites": [
        {
          "uuid": "50c45f1c-58ba-4a5f-bb19-291df7f7f754",
          "title": "login tests",
          "fullFile": "",
          "file": "",
          "beforeHooks": [],
          "afterHooks": [],
          "tests": [
            {
              "title": "successful login",
              "fullTitle": "login tests successful login",
              "timedOut": null,
              "duration": 14800,
              "state": "failed",
              "speed": null,
              "pass": false,
              "fail": true,
              "pending": false,
              "context": null,
              "code": "_loginPage.default.visitLoginPage();\n_loginPage.default.SucessfullLogIn();",
              "err": {
                "message": "AssertionError: Timed out retrying after 4000ms: expected '<a#nameofuser.nav-link>' to have text 'Welcome admin', but the text was ''",
                "estack": "AssertionError: Timed out retrying after 4000ms: expected '<a#nameofuser.nav-link>' to have text 'Welcome admin', but the text was ''\n    at Context.eval (webpack://demoblaze/./cypress/page_objects/loginPage.js:17:48)\n    at getRet (https://demoblaze.com/__cypress/runner/cypress_runner.js:121618:20)\n    at tryCatcher (https://demoblaze.com/__cypress/runner/cypress_runner.js:1777:23)\n    at Promise.attempt.Promise.try (https://demoblaze.com/__cypress/runner/cypress_runner.js:4285:29)\n    at Context.thenFn (https://demoblaze.com/__cypress/runner/cypress_runner.js:121629:66)\n    at Context.then (https://demoblaze.com/__cypress/runner/cypress_runner.js:121880:21)\n    at wrapped (https://demoblaze.com/__cypress/runner/cypress_runner.js:141596:19)",
                "diff": "+ 'Welcome admin'\n"
              },
              "uuid": "4685f6e4-cc9b-483d-9077-243289e864a5",
              "parentUUID": "50c45f1c-58ba-4a5f-bb19-291df7f7f754",
              "isHook": false,
              "skipped": false
            },
            {
              "title": "[negative] non-existing user login attempt",
              "fullTitle": "login tests [negative] non-existing user login attempt",
              "timedOut": null,
              "duration": 10814,
              "state": "passed",
              "speed": "slow",
              "pass": true,
              "fail": false,
              "pending": false,
              "context": null,
              "code": "_loginPage.default.visitLoginPage();\n_loginPage.default.NotExistingUserLogin();",
              "err": {},
              "uuid": "7dcb0f7e-4020-4042-b833-d8acbe8c3cc6",
              "parentUUID": "50c45f1c-58ba-4a5f-bb19-291df7f7f754",
              "isHook": false,
              "skipped": false
            }
          ],
          "suites": [],
          "passes": [
            "7dcb0f7e-4020-4042-b833-d8acbe8c3cc6"
          ],
          "failures": [
            "4685f6e4-cc9b-483d-9077-243289e864a5"
          ],
          "pending": [],
          "skipped": [],
          "duration": 25614,
          "root": false,
          "rootEmpty": false,
          "_timeout": 2000
        }
      ],
      "passes": [],
      "failures": [],
      "pending": [],
      "skipped": [],
      "duration": 0,
      "root": true,
      "rootEmpty": true,
      "_timeout": 2000
    },
    {
      "uuid": "d4c155c1-52b0-4b9b-a7e4-93f52667f1de",
      "title": "",
      "fullFile": "cypress\\e2e\\addAndAssertCart.cy.js",
      "file": "cypress\\e2e\\addAndAssertCart.cy.js",
      "beforeHooks": [],
      "afterHooks": [],
      "tests": [],
      "suites": [
        {
          "uuid": "33f8c115-760e-4523-b19d-3b491eb6e922",
          "title": "adding products and verifying the cart",
          "fullFile": "",
          "file": "",
          "beforeHooks": [],
          "afterHooks": [],
          "tests": [
            {
              "title": "Add multiple products to the cart",
              "fullTitle": "adding products and verifying the cart Add multiple products to the cart",
              "timedOut": null,
              "duration": 10081,
              "state": "failed",
              "speed": null,
              "pass": false,
              "fail": true,
              "pending": false,
              "context": null,
              "code": "cy.visit('/');\n_cartOperations.default.addNokiaLumia1520();\n_cartOperations.default.clickLogoBtn();\n_cartOperations.default.addSamsungGalaxyS7();\n_cartOperations.default.clickLogoBtn();\n_cartOperations.default.addSonyXperiaZ5();\ncy.get(_mainPageLocators.default.cartBtn).click();\n_cartAssertions.default.assertLumia1520();\n_cartAssertions.default.assertSamsungGalaxyS7();\n_cartAssertions.default.assertSonyXperiaZ5();",
              "err": {
                "message": "AssertionError: Timed out retrying after 4000ms: Expected to find element: `[src=\"bm.png\"]`, but never found it.",
                "estack": "AssertionError: Timed out retrying after 4000ms: Expected to find element: `[src=\"bm.png\"]`, but never found it.\n    at CartOperations.clickLogoBtn (webpack://demoblaze/./cypress/page_objects/cartOperations.js:61:11)\n    at Context.eval (webpack://demoblaze/./cypress/e2e/addAndAssertCart.cy.js:10:23)",
                "diff": null
              },
              "uuid": "0f88b1b0-33dd-4146-9052-b5ba2fa0272e",
              "parentUUID": "33f8c115-760e-4523-b19d-3b491eb6e922",
              "isHook": false,
              "skipped": false
            }
          ],
          "suites": [],
          "passes": [],
          "failures": [
            "0f88b1b0-33dd-4146-9052-b5ba2fa0272e"
          ],
          "pending": [],
          "skipped": [],
          "duration": 10081,
          "root": false,
          "rootEmpty": false,
          "_timeout": 2000
        }
      ],
      "passes": [],
      "failures": [],
      "pending": [],
      "skipped": [],
      "duration": 0,
      "root": true,
      "rootEmpty": true,
      "_timeout": 2000
    }
  ],
  "meta": {
    "mocha": {
      "version": "7.2.0"
    },
    "mochawesome": {
      "options": {
        "quiet": false,
        "reportFilename": "mochawesome",
        "saveHtml": false,
        "saveJson": true,
        "consoleReporter": "spec",
        "useInlineDiffs": false,
        "code": true
      },
      "version": "7.1.4"
    },
    "marge": {
      "options": {
        "id": "default",
        "reportDir": "cypress/results/mochawesome",
        "overwrite": false,
        "html": false,
        "josn": true
      },
      "version": "6.3.0"
    }
  }
}